z:\igmprofile\desktop\dsa1\dsa1engineandrew\dsa1engineandrew\debug\vc140.pdb
z:\igmprofile\desktop\dsa1\dsa1engineandrew\dsa1engineandrew\debug\vc140.idb
z:\igmprofile\desktop\dsa1\dsa1engineandrew\dsa1engineandrew\debug\source.obj
z:\igmprofile\desktop\dsa1\dsa1engineandrew\dsa1engineandrew\debug\engine.obj
z:\igmprofile\desktop\dsa1\dsa1engineandrew\dsa1engineandrew\debug\myobj.obj
z:\igmprofile\desktop\dsa1\dsa1engineandrew\dsa1engineandrew\debug\object.obj
z:\igmprofile\desktop\dsa1\dsa1engineandrew\dsa1engineandrew\debug\game.obj
z:\igmprofile\desktop\dsa1\dsa1engineandrew\dsa1engineandrew\debug\shader.obj
z:\igmprofile\desktop\dsa1\dsa1engineandrew\dsa1engineandrew\debug\timer.obj
z:\igmprofile\desktop\dsa1\dsa1engineandrew\debug\dsa1engineandrew.ilk
z:\igmprofile\desktop\dsa1\dsa1engineandrew\debug\dsa1engineandrew.exe
z:\igmprofile\desktop\dsa1\dsa1engineandrew\debug\dsa1engineandrew.pdb
z:\igmprofile\desktop\dsa1\dsa1engineandrew\dsa1engineandrew\debug\dsa1engineandrew.tlog\cl.read.1.tlog
z:\igmprofile\desktop\dsa1\dsa1engineandrew\dsa1engineandrew\debug\dsa1engineandrew.tlog\cl.write.1.tlog
z:\igmprofile\desktop\dsa1\dsa1engineandrew\dsa1engineandrew\debug\dsa1engineandrew.tlog\cl.command.1.tlog
z:\igmprofile\desktop\dsa1\dsa1engineandrew\dsa1engineandrew\debug\dsa1engineandrew.tlog\link.read.1.tlog
z:\igmprofile\desktop\dsa1\dsa1engineandrew\dsa1engineandrew\debug\dsa1engineandrew.tlog\link.write.1.tlog
z:\igmprofile\desktop\dsa1\dsa1engineandrew\dsa1engineandrew\debug\dsa1engineandrew.tlog\link.command.1.tlog
z:\igmprofile\desktop\dsa1\dsa1engineandrew\dsa1engineandrew\debug\dsa1engineandrew.tlog\link.11420-rc.read.1.tlog
z:\igmprofile\desktop\dsa1\dsa1engineandrew\dsa1engineandrew\debug\dsa1engineandrew.tlog\link.11420-rc.write.1.tlog
z:\igmprofile\desktop\dsa1\dsa1engineandrew\dsa1engineandrew\debug\dsa1engineandrew.tlog\link.11420-cvtres.read.1.tlog
z:\igmprofile\desktop\dsa1\dsa1engineandrew\dsa1engineandrew\debug\dsa1engineandrew.tlog\link.11420-cvtres.write.1.tlog
z:\igmprofile\desktop\dsa1\dsa1engineandrew\dsa1engineandrew\debug\dsa1engineandrew.tlog\link.11420.read.1.tlog
z:\igmprofile\desktop\dsa1\dsa1engineandrew\dsa1engineandrew\debug\dsa1engineandrew.tlog\link.11420.write.1.tlog
